<?xml version="1.0" encoding="UTF-8"?>
<testsuite name="hello.hello.spring.ApplicationTests" tests="1" skipped="0" failures="0" errors="0" timestamp="2021-05-11T05:14:19" hostname="DESKTOP-D6RLPJE" time="0.698">
  <properties/>
  <testcase name="contextLoads()" classname="hello.hello.spring.ApplicationTests" time="0.698"/>
  <system-out><![CDATA[14:14:10.799 [Test worker] DEBUG org.springframework.test.context.BootstrapUtils - Instantiating CacheAwareContextLoaderDelegate from class [org.springframework.test.context.cache.DefaultCacheAwareContextLoaderDelegate]
14:14:10.855 [Test worker] DEBUG org.springframework.test.context.BootstrapUtils - Instantiating BootstrapContext using constructor [public org.springframework.test.context.support.DefaultBootstrapContext(java.lang.Class,org.springframework.test.context.CacheAwareContextLoaderDelegate)]
14:14:10.949 [Test worker] DEBUG org.springframework.test.context.BootstrapUtils - Instantiating TestContextBootstrapper for test class [hello.hello.spring.ApplicationTests] from class [org.springframework.boot.test.context.SpringBootTestContextBootstrapper]
14:14:11.011 [Test worker] INFO org.springframework.boot.test.context.SpringBootTestContextBootstrapper - Neither @ContextConfiguration nor @ContextHierarchy found for test class [hello.hello.spring.ApplicationTests], using SpringBootContextLoader
14:14:11.026 [Test worker] DEBUG org.springframework.test.context.support.AbstractContextLoader - Did not detect default resource location for test class [hello.hello.spring.ApplicationTests]: class path resource [hello/hello/spring/ApplicationTests-context.xml] does not exist
14:14:11.028 [Test worker] DEBUG org.springframework.test.context.support.AbstractContextLoader - Did not detect default resource location for test class [hello.hello.spring.ApplicationTests]: class path resource [hello/hello/spring/ApplicationTestsContext.groovy] does not exist
14:14:11.028 [Test worker] INFO org.springframework.test.context.support.AbstractContextLoader - Could not detect default resource locations for test class [hello.hello.spring.ApplicationTests]: no resource found for suffixes {-context.xml, Context.groovy}.
14:14:11.031 [Test worker] INFO org.springframework.test.context.support.AnnotationConfigContextLoaderUtils - Could not detect default configuration classes for test class [hello.hello.spring.ApplicationTests]: ApplicationTests does not declare any static, non-private, non-final, nested classes annotated with @Configuration.
14:14:11.171 [Test worker] DEBUG org.springframework.test.context.support.ActiveProfilesUtils - Could not find an 'annotation declaring class' for annotation type [org.springframework.test.context.ActiveProfiles] and class [hello.hello.spring.ApplicationTests]
14:14:11.411 [Test worker] DEBUG org.springframework.context.annotation.ClassPathScanningCandidateComponentProvider - Identified candidate component class: file [C:\Users\GP62\Desktop\study\hello.spring\hello.spring\build\classes\java\main\hello\hello\spring\Application.class]
14:14:11.418 [Test worker] INFO org.springframework.boot.test.context.SpringBootTestContextBootstrapper - Found @SpringBootConfiguration hello.hello.spring.Application for test class hello.hello.spring.ApplicationTests
14:14:12.033 [Test worker] DEBUG org.springframework.boot.test.context.SpringBootTestContextBootstrapper - @TestExecutionListeners is not present for class [hello.hello.spring.ApplicationTests]: using defaults.
14:14:12.037 [Test worker] INFO org.springframework.boot.test.context.SpringBootTestContextBootstrapper - Loaded default TestExecutionListener class names from location [META-INF/spring.factories]: [org.springframework.boot.test.autoconfigure.restdocs.RestDocsTestExecutionListener, org.springframework.boot.test.autoconfigure.web.client.MockRestServiceServerResetTestExecutionListener, org.springframework.boot.test.autoconfigure.web.servlet.MockMvcPrintOnlyOnFailureTestExecutionListener, org.springframework.boot.test.autoconfigure.web.servlet.WebDriverTestExecutionListener, org.springframework.boot.test.autoconfigure.webservices.client.MockWebServiceServerTestExecutionListener, org.springframework.boot.test.mock.mockito.MockitoTestExecutionListener, org.springframework.boot.test.mock.mockito.ResetMocksTestExecutionListener, org.springframework.test.context.web.ServletTestExecutionListener, org.springframework.test.context.support.DirtiesContextBeforeModesTestExecutionListener, org.springframework.test.context.support.DependencyInjectionTestExecutionListener, org.springframework.test.context.support.DirtiesContextTestExecutionListener, org.springframework.test.context.transaction.TransactionalTestExecutionListener, org.springframework.test.context.jdbc.SqlScriptsTestExecutionListener, org.springframework.test.context.event.EventPublishingTestExecutionListener]
14:14:12.126 [Test worker] DEBUG org.springframework.boot.test.context.SpringBootTestContextBootstrapper - Skipping candidate TestExecutionListener [org.springframework.test.context.transaction.TransactionalTestExecutionListener] due to a missing dependency. Specify custom listener classes or make the default listener classes and their required dependencies available. Offending class: [org/springframework/transaction/interceptor/TransactionAttributeSource]
14:14:12.128 [Test worker] DEBUG org.springframework.boot.test.context.SpringBootTestContextBootstrapper - Skipping candidate TestExecutionListener [org.springframework.test.context.jdbc.SqlScriptsTestExecutionListener] due to a missing dependency. Specify custom listener classes or make the default listener classes and their required dependencies available. Offending class: [org/springframework/transaction/interceptor/TransactionAttribute]
14:14:12.130 [Test worker] INFO org.springframework.boot.test.context.SpringBootTestContextBootstrapper - Using TestExecutionListeners: [org.springframework.test.context.web.ServletTestExecutionListener@300a3176, org.springframework.test.context.support.DirtiesContextBeforeModesTestExecutionListener@701b90f9, org.springframework.boot.test.mock.mockito.MockitoTestExecutionListener@69381156, org.springframework.boot.test.autoconfigure.SpringBootDependencyInjectionTestExecutionListener@7260f59c, org.springframework.test.context.support.DirtiesContextTestExecutionListener@1380fb27, org.springframework.test.context.event.EventPublishingTestExecutionListener@3f303df6, org.springframework.boot.test.autoconfigure.restdocs.RestDocsTestExecutionListener@162b29e7, org.springframework.boot.test.autoconfigure.web.client.MockRestServiceServerResetTestExecutionListener@6392e2ab, org.springframework.boot.test.autoconfigure.web.servlet.MockMvcPrintOnlyOnFailureTestExecutionListener@77df643d, org.springframework.boot.test.autoconfigure.web.servlet.WebDriverTestExecutionListener@49be28bd, org.springframework.boot.test.autoconfigure.webservices.client.MockWebServiceServerTestExecutionListener@615547c, org.springframework.boot.test.mock.mockito.ResetMocksTestExecutionListener@72e679af]
14:14:12.146 [Test worker] DEBUG org.springframework.test.context.support.AbstractDirtiesContextTestExecutionListener - Before test class: context [DefaultTestContext@5d1166a4 testClass = ApplicationTests, testInstance = [null], testMethod = [null], testException = [null], mergedContextConfiguration = [WebMergedContextConfiguration@6b3b0299 testClass = ApplicationTests, locations = '{}', classes = '{class hello.hello.spring.Application}', contextInitializerClasses = '[]', activeProfiles = '{}', propertySourceLocations = '{}', propertySourceProperties = '{org.springframework.boot.test.context.SpringBootTestContextBootstrapper=true}', contextCustomizers = set[org.springframework.boot.test.autoconfigure.properties.PropertyMappingContextCustomizer@0, org.springframework.boot.test.autoconfigure.web.servlet.WebDriverContextCustomizerFactory$Customizer@563f39b9, org.springframework.boot.test.context.filter.ExcludeFilterContextCustomizer@566ad10e, org.springframework.boot.test.json.DuplicateJsonObjectContextCustomizerFactory$DuplicateJsonObjectContextCustomizer@1a31ba8b, org.springframework.boot.test.mock.mockito.MockitoContextCustomizer@0, org.springframework.boot.test.web.client.TestRestTemplateContextCustomizer@48d15e8, org.springframework.boot.test.context.SpringBootTestArgs@1, org.springframework.boot.test.context.SpringBootTestWebEnvironment@713b3682], resourceBasePath = 'src/main/webapp', contextLoader = 'org.springframework.boot.test.context.SpringBootContextLoader', parent = [null]], attributes = map['org.springframework.test.context.web.ServletTestExecutionListener.activateListener' -> true]], class annotated with @DirtiesContext [false] with mode [null].
14:14:12.248 [Test worker] DEBUG org.springframework.test.context.support.TestPropertySourceUtils - Adding inlined properties to environment: {spring.jmx.enabled=false, org.springframework.boot.test.context.SpringBootTestContextBootstrapper=true}

  .   ____          _            __ _ _
 /\\ / ___'_ __ _ _(_)_ __  __ _ \ \ \ \
( ( )\___ | '_ | '_| | '_ \/ _` | \ \ \ \
 \\/  ___)| |_)| | | | | || (_| |  ) ) ) )
  '  |____| .__|_| |_|_| |_\__, | / / / /
 =========|_|==============|___/=/_/_/_/
 :: Spring Boot ::       (v2.3.10.RELEASE)

2021-05-11 14:14:13.167  INFO 1600 --- [    Test worker] hello.hello.spring.ApplicationTests      : Starting ApplicationTests on DESKTOP-D6RLPJE with PID 1600 (started by GP62 in C:\Users\GP62\Desktop\study\hello.spring\hello.spring)
2021-05-11 14:14:13.173  INFO 1600 --- [    Test worker] hello.hello.spring.ApplicationTests      : No active profile set, falling back to default profiles: default
2021-05-11 14:14:17.749  INFO 1600 --- [    Test worker] o.s.s.concurrent.ThreadPoolTaskExecutor  : Initializing ExecutorService 'applicationTaskExecutor'
2021-05-11 14:14:18.220  INFO 1600 --- [    Test worker] o.s.b.a.w.s.WelcomePageHandlerMapping    : Adding welcome page: class path resource [static/index.html]
2021-05-11 14:14:19.123  INFO 1600 --- [    Test worker] hello.hello.spring.ApplicationTests      : Started ApplicationTests in 6.842 seconds (JVM running for 13.452)
]]></system-out>
  <system-err><![CDATA[]]></system-err>
</testsuite>
